[3;J[H[2J[1;34mA extenção 'jq' já está instalanda na maquina...[0m
[30;48;5;30m --> Iniciando a instalações do ambiente... [0m

Iniciando a instalação do VS Code na maquina...
A seleccionar pacote anteriormente não seleccionado code.
(Lendo banco de dados ... 214179 ficheiros e directórios actualmente instalados.)
A preparar para desempacotar ./binaries/vscode.deb ...
A descompactar code (1.15.1-1502903936) ...
Configurando code (1.15.1-1502903936) ...
A processar 'triggers' para desktop-file-utils (0.22-1ubuntu5.1) ...
A processar 'triggers' para gnome-menus (3.13.3-6ubuntu3.1) ...
A processar 'triggers' para bamfdaemon (0.5.3~bzr0+16.04.20160824-0ubuntu1) ...
Rebuilding /usr/share/applications/bamf-2.index...
A processar 'triggers' para mime-support (3.59ubuntu1) ...

[30;48;5;30m --> Instalação completada com sucesso!!!.. [0m

[3;J[H[2J[1;34mA extenção 'jq' já está instalanda na maquina...[0m
[30;48;5;30m --> Iniciando a instalações do ambiente... [0m

Iniciando a instalação do VS Code na maquina...

[30;48;5;30m --> Instalação completada com sucesso!!!.. [0m

[3;J[H[2J[1;34mA extenção 'jq' já está instalanda na maquina...[0m
[30;48;5;30m --> Iniciando a instalações do ambiente... [0m

[1;34mIniciando a instalação do JDK na maquina...[0m
[1;33mAbra o arquivo '/etc/environment' utilizando o gedit editor de texto.[0m
[1;33mDigitando o comando '$ sudo gedit /etc/environment'[0m
[1;33mAo final desse arquivo, adicione a seguinte linhas:[0m
[1;33mJAVA_HOME="/usr/lib/jvm/java-9-oracle"[0m
[1;33mJRE_HOME="/usr/lib/jvm/java-9-oracle"[0m
[1;33mSalve e saia do arquivo, e recarregue-o com o comando '$ source /etc/environment'[0m
Variavel JAVA_HOME:  /usr/lib/jvm/java-9-oracle
Variavel JRE_HOME:  /usr/lib/jvm/java-9-oracle

[30;48;5;30m --> Instalação completada com sucesso!!!.. [0m

[3;J[H[2J[1;34mA extenção 'jq' já está instalanda na maquina...[0m
[30;48;5;30m --> Iniciando a instalações do ambiente... [0m

[1;34mIniciando a instalação do JDK na maquina...[0m
[1;33mAbra o arquivo '/etc/environment' utilizando o gedit editor de texto.[0m
[1;33mDigitando o comando '$ sudo gedit /etc/environment'[0m
[1;33mAo final desse arquivo, adicione a seguinte linhas:[0m
[1;33mJAVA_HOME="/usr/lib/jvm/java-9-oracle"[0m
[1;33mJRE_HOME="/usr/lib/jvm/java-9-oracle"[0m
[1;33mSalve e saia do arquivo, e recarregue-o com o comando '$ source /etc/environment'[0m

[30;48;5;30m --> Instalação completada com sucesso!!!.. [0m

[3;J[H[2J[1;34mA extenção 'jq' já está instalanda na maquina...[0m
[30;48;5;30m --> Iniciando a instalações do ambiente... [0m

[1;34mIniciando a instalação do JDK na maquina...[0m
[1;33mAbra o arquivo '/etc/environment' utilizando o gedit editor de texto.[0m
[1;33mDigitando o comando '$ sudo gedit /etc/environment'[0m
[1;33mAo final desse arquivo, adicione a seguinte linhas:[0m
[1;33mJAVA_HOME="/usr/lib/jvm/java-9-oracle"[0m
[1;33mJRE_HOME="/usr/lib/jvm/java-9-oracle"[0m
[1;33mSalve e saia do arquivo, e recarregue-o com o comando '$ source /etc/environment'[0m

[30;48;5;30m --> Instalação completada com sucesso!!!.. [0m

[3;J[H[2J[1;34mA extenção 'jq' já está instalanda na maquina...[0m
[30;48;5;30m --> Iniciando a instalações do ambiente... [0m

[1;34mIniciando a instalação do JDK na maquina...[0m
[1;33mAbra o arquivo '/etc/environment' utilizando o gedit editor de texto.[0m
[1;33mDigitando o comando '$ sudo gedit /etc/environment'[0m
[1;33mAo final desse arquivo, adicione a seguinte linhas:[0m
[1;33mJAVA_HOME="/usr/lib/jvm/java-9-oracle"[0m
[1;33mJRE_HOME="/usr/lib/jvm/java-9-oracle"[0m
[1;33mSalve e saia do arquivo, e recarregue-o com o comando '$ source /etc/environment'[0m

[30;48;5;30m --> Instalação completada com sucesso!!!.. [0m

[3;J[H[2J[1;34mA extenção 'jq' já está instalanda na maquina...[0m
[30;48;5;30m --> Iniciando a instalações do ambiente... [0m

[1;34mIniciando a instalação do JDK na maquina...[0m
[1;33mAbra o arquivo '/etc/environment' utilizando o gedit editor de texto.[0m
[1;33mDigitando o comando '$ sudo gedit /etc/environment'[0m
[1;33mAo final desse arquivo, adicione a seguinte linhas:[0m
[1;33mJAVA_HOME="/usr/lib/jvm/java-9-oracle"[0m
[1;33mJRE_HOME="/usr/lib/jvm/java-9-oracle"[0m
[1;33mSalve e saia do arquivo, e recarregue-o com o comando '$ source /etc/environment'[0m

[30;48;5;30m --> Instalação completada com sucesso!!!.. [0m

[3;J[H[2J[1;34mA extenção 'jq' já está instalanda na maquina...[0m
[30;48;5;30m --> Iniciando a instalações do ambiente... [0m

[1;34mIniciando a instalação do JDK na maquina...[0m
[1;33mAbra o arquivo '/etc/environment' utilizando o gedit editor de texto.[0m
[1;33mDigitando o comando '$ sudo gedit /etc/environment'[0m
[1;33mAo final desse arquivo, adicione a seguinte linhas:[0m
[1;33mJAVA_HOME="/usr/lib/jvm/java-9-oracle"[0m
[1;33mJRE_HOME="/usr/lib/jvm/java-9-oracle"[0m
[1;33mSalve e saia do arquivo, e recarregue-o com o comando '$ source /etc/environment'[0m
[1;34mIniciando a instalação do JDK na maquina...[0m
[1;33mAbra o arquivo '/etc/environment' utilizando o gedit editor de texto.[0m
[1;33mDigitando o comando '$ sudo gedit /etc/environment'[0m
[1;33mAo final desse arquivo, adicione a seguinte linhas:[0m
[1;33mJAVA_HOME="/usr/lib/jvm/java-9-oracle"[0m
[1;33mJRE_HOME="/usr/lib/jvm/java-9-oracle"[0m
[1;33mSalve e saia do arquivo, e recarregue-o com o comando '$ source /etc/environment'[0m

[30;48;5;30m --> Instalação completada com sucesso!!!.. [0m

[3;J[H[2J[1;34mA extenção 'jq' já está instalanda na maquina...[0m
[30;48;5;30m --> Iniciando a instalações do ambiente... [0m

[1;34mIniciando a instalação do JDK na maquina...[0m
[1;33mAbra o arquivo '/etc/environment' utilizando o gedit editor de texto.[0m
[1;33mDigitando o comando '$ sudo gedit /etc/environment'[0m
[1;33mAo final desse arquivo, adicione a seguinte linhas:[0m
[1;33mJAVA_HOME="/usr/lib/jvm/java-9-oracle"[0m
[1;33mJRE_HOME="/usr/lib/jvm/java-9-oracle"[0m
[1;33mSalve e saia do arquivo, e recarregue-o com o comando '$ source /etc/environment'[0m

[30;48;5;30m --> Instalação completada com sucesso!!!.. [0m

[3;J[H[2J[1;34mA extenção 'jq' já está instalanda na maquina...[0m
[30;48;5;30m --> Iniciando a instalações do ambiente... [0m

[1;34mIniciando a instalação do JDK na maquina...[0m
[1;33mAbra o arquivo '/etc/environment' utilizando o gedit editor de texto.[0m
[1;33mDigitando o comando '$ sudo gedit /etc/environment'[0m
[1;33mAo final desse arquivo, adicione a seguinte linhas:[0m
[1;33mJAVA_HOME="/usr/lib/jvm/java-9-oracle"[0m
[1;33mJRE_HOME="/usr/lib/jvm/java-9-oracle"[0m
[1;33mSalve e saia do arquivo, e recarregue-o com o comando '$ source /etc/environment'[0m

[30;48;5;30m --> Instalação completada com sucesso!!!.. [0m

[3;J[H[2J[1;34mA extenção 'jq' já está instalanda na maquina...[0m
[30;48;5;30m --> Iniciando a instalações do ambiente... [0m

[1;34mIniciando a instalação do JDK na maquina...[0m
[1;33mAbra o arquivo '/etc/environment' utilizando o gedit editor de texto.[0m
[1;33mDigitando o comando '$ sudo gedit /etc/environment'[0m
[1;33mAo final desse arquivo, adicione a seguinte linhas:[0m
[1;33mJAVA_HOME="/usr/lib/jvm/java-9-oracle"[0m
[1;33mJRE_HOME="/usr/lib/jvm/java-9-oracle"[0m
[1;33mSalve e saia do arquivo, e recarregue-o com o comando '$ source /etc/environment'[0m

[30;48;5;30m --> Instalação completada com sucesso!!!.. [0m

[3;J[H[2J[1;34mA extenção 'jq' já está instalanda na maquina...[0m
[30;48;5;30m --> Iniciando a instalações do ambiente... [0m

[1;34mIniciando a instalação do JDK na maquina...[0m
[1;33mAbra o arquivo '/etc/environment' utilizando o gedit editor de texto.[0m
[1;33mDigitando o comando '$ sudo gedit /etc/environment'[0m
[1;33mAo final desse arquivo, adicione a seguinte linhas:[0m
[1;33mJAVA_HOME="/usr/lib/jvm/java-9-oracle"[0m
[1;33mJRE_HOME="/usr/lib/jvm/java-9-oracle"[0m
[1;33mSalve e saia do arquivo, e recarregue-o com o comando '$ source /etc/environment'[0m
Variavel JAVA_HOME:  /usr/lib/jvm/java-9-oracle
Variavel JRE_HOME:  /usr/lib/jvm/java-9-oracle

[30;48;5;30m --> Instalação completada com sucesso!!!.. [0m

