args:
Number of arguments: 0
1st argument:
2nd argument:
args:
Number of arguments: 0
1st argument:
2nd argument:
args: ds sds
Number of arguments: 2
1st argument: ds
2nd argument: sds
args:
Number of arguments: 0
1st argument:
2nd argument:
1st argument: ds
2nd argument: sds
script-jdk.sh uninstall '{"version":"5"}'
{
    "pathDefault": "./dist-ubuntu/",
    "settings": [
        { "script": "script-keyssh.sh", "execute": false, "action": "create", "param": null },
        { "script": "script-git.sh", "execute": false, "action": "install", "param": null },
        { "script": "script-jdk.sh", "execute": false, "action": "install", "param": null },
        { "script": "script-nvm.sh", "execute": false, "action": "install", "param": null },
        { "script": "script-nodejs.sh", "execute": false, "action": "install", "param": null },
        { "script": "script-golang.sh", "execute": false, "action": "install", "param": { "version": "1.7.1", "op":"--64" } },
        { "script": "script-cfssl.sh", "execute": false, "action": "install", "param": null },
        { "script": "script-config-transpiler.sh", "execute": false, "action": "install", "param": null },
        { "script": "script-ansible.sh", "execute": false, "action": "install", "param": null },
        { "script": "script-virtualbox.sh", "execute": false, "action": "install", "param": null },
        { "script": "script-vagrant.sh", "execute": false, "action": "install", "param": null },
        { "script": "script-vscode.sh", "execute": false, "action": "install", "param": null },
        { "script": "script-gitkraken.sh", "execute": false, "action": "install", "param": null },
        { "script": "script-staruml.sh", "execute": false, "action": "install", "param": null },
        { "script": "script-netbeans.sh", "execute": false, "action": "install", "param": null },
        { "script": "script-viadagens.sh", "execute": false, "action": "install", "param": null }
    ]
}
--> 
dsaaaaaaaaaaaaaaaaaaaaaaaaaaaaaaaaaaaaaa
{
    "pathDefault": "./dist-ubuntu/",
    "settings": [
        { "script": "script-keyssh.sh", "execute": false, "action": "create", "param": null },
        { "script": "script-git.sh", "execute": false, "action": "install", "param": null },
        { "script": "script-jdk.sh", "execute": false, "action": "install", "param": null },
        { "script": "script-nvm.sh", "execute": false, "action": "install", "param": null },
        { "script": "script-nodejs.sh", "execute": false, "action": "install", "param": null },
        { "script": "script-golang.sh", "execute": false, "action": "install", "param": { "version": "1.7.1", "op":"--64" } },
        { "script": "script-cfssl.sh", "execute": false, "action": "install", "param": null },
        { "script": "script-config-transpiler.sh", "execute": false, "action": "install", "param": null },
        { "script": "script-ansible.sh", "execute": false, "action": "install", "param": null },
        { "script": "script-virtualbox.sh", "execute": false, "action": "install", "param": null },
        { "script": "script-vagrant.sh", "execute": false, "action": "install", "param": null },
        { "script": "script-vscode.sh", "execute": false, "action": "install", "param": null },
        { "script": "script-gitkraken.sh", "execute": false, "action": "install", "param": null },
        { "script": "script-staruml.sh", "execute": false, "action": "install", "param": null },
        { "script": "script-netbeans.sh", "execute": false, "action": "install", "param": null },
        { "script": "script-viadagens.sh", "execute": false, "action": "install", "param": null }
    ]
}
[1;31m
+---------------------------------------------------------------------------------------------------------+
| Error: Tipo da (AÇÃO) não encontrada! [--run|--run-all|--list-set|--edit-set|--edit-script|--view-log]! |
+---------------------------------------------------------------------------------------------------------+

[0mErro: Tipo do (COMANDO) não encontrado!Comandos: (--run, --run-all, --list-set, --edit-set, --edit-script, --view-log)Erro: Tipo do (COMANDO) não encontrado!
Comandos: (--run, --run-all, --list-set, --edit-set, --edit-script, --view-log)
Erro: Tipo do (COMANDO) não encontrado!
Comandos: [--run, --run-all, --list-set, --edit-set, --edit-script, --view-log]
Erro: Tipo do (COMANDO) não encontrado!
Comandos: [--run, --run-all, --list-set, --edit-set, --edit-script, --view-log]
[30;48;5;30m --> Iniciando a execução do script... [0m   script: ./dist-ubuntu//scripts/script-jdk.sh   action: uninstall   param:  '{"version":"5"}'

[30;48;5;30m --> Iniciando a execução do script... [0m
   script: ./dist-ubuntu//scripts/script-jdk.sh
   action: uninstall
   param:  '{"version":"5"}'

[30;48;5;30m --> Iniciando a execução do script... [0m
   script: ./dist-ubuntu/scripts/script-jdk.sh
   action: uninstall
   param:  '{"version":"5"}'

[0;106m --> Iniciando a execução do script... [0m
script: ./dist-ubuntu/scripts/script-jdk.sh
action: uninstall
param:  '{"version":"5"}'

[0;105m---> Iniciando a execução do script... [0m
 script: ./dist-ubuntu/scripts/script-jdk.sh
 action: uninstall
 param:  '{"version":"5"}'

[0;100m---> Iniciando a execução do script... [0m
 script: ./dist-ubuntu/scripts/script-jdk.sh
 action: uninstall
 param:  '{"version":"5"}'

[0;104m---> Iniciando a execução do script... [0m
 script: './dist-ubuntu/scripts/script-jdk.sh'
 action: 'uninstall'
 param:  '{"version":"5"}'

[0;103m---> Iniciando a execução do script... [0m
 script: './dist-ubuntu/scripts/script-jdk.sh'
 action: 'uninstall'
 param:  '{"version":"5"}'

[0;103m[0;30m---> Iniciando a execução do script...[0m
 script: './dist-ubuntu/scripts/script-jdk.sh'
 action: 'uninstall'
 param:  '{"version":"5"}'

[0;103m [0;30m---> Iniciando a execução do script...[0m
 script: './dist-ubuntu/scripts/script-jdk.sh'
 action: 'uninstall'
 param:  '{"version":"5"}'

[0;123m---> Iniciando a execução do script...[0m
 script: './dist-ubuntu/scripts/script-jdk.sh'
 action: 'uninstall'
 param:  '{"version":"5"}'

[0;101m---> Iniciando a execução do script...[0m
 script: './dist-ubuntu/scripts/script-jdk.sh'
 action: 'uninstall'
 param:  '{"version":"5"}'

[0;101m--> Iniciando a execução do script...[0m
--> script: './dist-ubuntu/scripts/script-jdk.sh'
--> action: 'uninstall'
--> param:  '{"version":"5"}'

[0;101m--> Iniciando a execução do script...  [0m
----> script: './dist-ubuntu/scripts/script-jdk.sh'
----> action: 'uninstall'
----> param:  '{"version":"5"}'

[0;101m----> Iniciando a execução do script...  [0m
--> script: './dist-ubuntu/scripts/script-jdk.sh'
--> action: 'uninstall'
--> param:  '{"version":"5"}'

[0;101m----> INICIANDO A EXECUÇÃO DO SCRIPT...  [0m
--> script: './dist-ubuntu/scripts/script-jdk.sh'
--> action: 'uninstall'
--> param:  '{"version":"5"}'

[0;101m--> INICIANDO A EXECUÇÃO DO SCRIPT...  [0m
--> script: './dist-ubuntu/scripts/script-jdk.sh'
--> action: 'uninstall'
--> param:  '{"version":"5"}'

[0;101m--> INICIANDO A EXECUÇÃO DO SCRIPT...  [0m
--> script: './dist-ubuntu/scripts/script-jdk.sh'
--> action: 'uninstall'
--> param:  '{"version":"5"}'

[0;101m--> INICIANDO A EXECUÇÃO DO SCRIPT...  [0m
--> script: './dist-ubuntu/scripts/script-jdk.sh'
--> action: 'uninstall'
--> param:  '{"version":"5"}'

[0;101m--> INICIANDO A EXECUÇÃO DO SCRIPT...  [0m
--> script: './dist-ubuntu/scripts/script-jdk.sh'
--> action: 'uninstall'
--> param:  '{"version":"5"}'

[0;101m--> INICIANDO A EXECUÇÃO DO SCRIPT...  [0m
--> script: './dist-ubuntu/scripts/script-jdk.sh'
--> action: 'uninstall'
--> param:  '{"version":"5"}'

[0;101m--> INICIANDO A EXECUÇÃO DO SCRIPT...  [0m
--> script: './dist-ubuntu/scripts/script-jdk.sh'
--> action: 'uninstall'
--> param:  '{"version":"5"}'

[0;101m--> INICIANDO A EXECUÇÃO DO SCRIPT...  [0m
--> script: './dist-ubuntu/scripts/script-jdk.sh'
--> action: 'uninstall'
--> param:  '{"version":"5"}'

[0;101m--> INICIANDO A EXECUÇÃO DO SCRIPT...  [0m
--> script: './dist-ubuntu/scripts/script-jdk.sh'
--> action: 'uninstall'
--> param:  '{"version":"5"}'

