

[44m--> INICIANDO A EXECUÇÃO DO SCRIPT! [0m
[1;37m--> Script........:[1;33m 'script-viadagens.sh'[0m
[1;37m--> Action........:[0;36m 'apply'[0m
[1;37m--> Param.........:[0;36m 'null'[0m
[1;37m--> Default Path..:[0;36m 'https://raw.githubusercontent.com/alisonbuss/garden-of-eden/master/dist-ubuntu/scripts/'[0m

[44m--> FINALIZADA A EXECUÇÃO DO SCRIPT! [0m
[44m--> TEMPO DE EXECUÇÃO DE..: 00:00:00 [0m
[1;34mScript [0;36m'script-viadagens.sh' [1;34mExecutado com sucesso![0m
[1;37mPresione [ENTER] para continuar... [0m

[44m--> INICIANDO A EXECUÇÃO DO SCRIPT! [0m
[1;37m--> Script........:[1;33m 'script-viadagens.sh'[0m
[1;37m--> Action........:[0;36m 'apply'[0m
[1;37m--> Param.........:[0;36m 'null'[0m
[1;37m--> Default Path..:[0;36m 'https://raw.githubusercontent.com/alisonbuss/garden-of-eden/master/dist-ubuntu/scripts/'[0m

[44m--> FINALIZADA A EXECUÇÃO DO SCRIPT! [0m
[44m--> TEMPO DE EXECUÇÃO DE..: 00:00:00 [0m
[1;34mScript [0;36m'script-viadagens.sh' [1;34mExecutado com sucesso![0m
[1;37mPresione [ENTER] para continuar... [0m

[44m--> INICIANDO A EXECUÇÃO DO SCRIPT! [0m
[1;37m--> Script........:[1;36m 'script-viadagens.sh'[0m
[1;37m--> Action........:[0;36m 'apply'[0m
[1;37m--> Param.........:[0;36m 'null'[0m
[1;37m--> Default Path..:[0;36m 'https://raw.githubusercontent.com/alisonbuss/garden-of-eden/master/dist-ubuntu/scripts/'[0m

[44m--> FINALIZADA A EXECUÇÃO DO SCRIPT! [0m
[44m--> TEMPO DE EXECUÇÃO DE..: 00:00:00 [0m
[1;34mScript [0;36m'script-viadagens.sh' [1;34mExecutado com sucesso![0m
[1;37mPresione [ENTER] para continuar... [0m

[44m--> INICIANDO A EXECUÇÃO DO SCRIPT: 05:08:26 [0m
[1;37m--> Script........:[1;36m 'script-viadagens.sh'[0m
[1;37m--> Action........:[0;36m 'apply'[0m
[1;37m--> Param.........:[0;36m 'null'[0m
[1;37m--> Default Path..:[0;36m 'https://raw.githubusercontent.com/alisonbuss/garden-of-eden/master/dist-ubuntu/scripts/'[0m

[44m--> FINALIZADA A EXECUÇÃO DO SCRIPT! [0m
[44m--> TEMPO DE EXECUÇÃO DE..: 00:00:00 [0m
[1;34mScript [0;36m'script-viadagens.sh' [1;34mExecutado com sucesso![0m
[1;37mPresione [ENTER] para continuar... [0m

[44m--> INICIANDO A EXECUÇÃO DO SCRIPT: 05:10:17 [0m
[1;37m--> Script........:[1;36m 'script-viadagens.sh'[0m
[1;37m--> Action........:[0;36m 'apply'[0m
[1;37m--> Param.........:[0;36m 'null'[0m
[1;37m--> Default Path..:[0;36m 'https://raw.githubusercontent.com/alisonbuss/garden-of-eden/master/dist-ubuntu/scripts/'[0m

[44m--> FINALIZADA A EXECUÇÃO DO SCRIPT! [0m
[44m--> TEMPO DE EXECUÇÃO DE..: 00:00:01 [0m
[1;34mScript [0;36m'script-viadagens.sh' [1;34mExecutado com sucesso![0m
[1;37mPresione [ENTER] para continuar... [0m

[44m--> INICIANDO A EXECUÇÃO DO SCRIPT: 05:11:09 [0m
[1;37m--> Script........:[1;36m 'script-viadagens.sh'[0m
[1;37m--> Action........:[0;36m 'apply'[0m
[1;37m--> Param.........:[0;36m 'null'[0m
[1;37m--> Default Path..:[0;36m 'https://raw.githubusercontent.com/alisonbuss/garden-of-eden/master/dist-ubuntu/scripts/'[0m

[44m--> FINALIZADA A EXECUÇÃO DO SCRIPT! [0m
[44m--> TEMPO DE EXECUÇÃO DE..: 00:00:02 [0m
[1;34mScript [0;36m'script-viadagens.sh' [1;34mExecutado com sucesso![0m
[1;37mPresione [ENTER] para continuar... [0m

[44m--> INICIANDO A EXECUÇÃO DO SCRIPT: 05:13:45 [0m
[1;37m--> Script........:[1;36m 'script-viadagens.sh'[0m
[1;37m--> Action........:[0;36m 'apply'[0m
[1;37m--> Param.........:[0;36m 'null'[0m
[1;37m--> Default Path..:[0;36m 'https://raw.githubusercontent.com/alisonbuss/garden-of-eden/master/dist-ubuntu/scripts/'[0m

[44m--> FINALIZADA A EXECUÇÃO DO SCRIPT! [0m
[44m--> TEMPO DA EXECUÇÃO.....: 00:00:02 [0m
[1;34mScript [0;36m'script-viadagens.sh' [1;34mExecutado com sucesso![0m
[1;37mPresione [ENTER] para continuar... [0m

[44m--> INICIANDO A EXECUÇÃO DO SCRIPT --> 05:15:51 [0m
[1;37m--> Script........:[1;36m 'script-viadagens.sh'[0m
[1;37m--> Action........:[0;36m 'apply'[0m
[1;37m--> Param.........:[0;36m 'null'[0m
[1;37m--> Default Path..:[0;36m 'https://raw.githubusercontent.com/alisonbuss/garden-of-eden/master/dist-ubuntu/scripts/'[0m

[44m--> FINALIZADA A EXECUÇÃO DO SCRIPT! [0m
[44m--> TEMPO DA EXECUÇÃO --> 00:00:02 [0m
[1;34mScript [0;36m'script-viadagens.sh' [1;34mExecutado com sucesso![0m
[1;37mPresione [ENTER] para continuar... [0m

[44m--> INICIANDO A EXECUÇÃO DO SCRIPT --> 05:16:33 [0m
[1;37m--> Script........:[1;36m 'script-viadagens.sh'[0m
[1;37m--> Action........:[0;36m 'apply'[0m
[1;37m--> Param.........:[0;36m 'null'[0m
[1;37m--> Default Path..:[0;36m 'https://raw.githubusercontent.com/alisonbuss/garden-of-eden/master/dist-ubuntu/scripts/'[0m

[44m--> FINALIZADA A EXECUÇÃO DO SCRIPT! [0m
[44m--> TEMPO DA EXECUÇÃO --> 00:00:02   [0m
[1;34mScript [0;36m'script-viadagens.sh' [1;34mExecutado com sucesso![0m
[1;37mPresione [ENTER] para continuar... [0m