

[44m--> INICIANDO A EXECUÇÃO DO SCRIPT! [0m
[1;37m--> Script........:[1;33m 'script-golang.sh'[0m
[1;37m--> Action........:[0;36m 'install'[0m
[1;37m--> Param.........:[0;36m '{"version":"1.9"}'[0m
[1;37m--> Default Path..:[0;36m './dist-ubuntu/scripts/'[0m

[44m--> FINALIZADA A EXECUÇÃO DO SCRIPT! [0m
[44m--> TEMPO DE EXECUÇÃO DE..: 00:00:00 [0m
[1;34mScript [0;36m'script-golang.sh' [1;34mExecutado com sucesso![0m
[1;37mPresione [ENTER] para continuar... [0m

[44m--> INICIANDO A EXECUÇÃO DO SCRIPT! [0m
[1;37m--> Script........:[1;33m 'script-golang.sh'[0m
[1;37m--> Action........:[0;36m 'install'[0m
[1;37m--> Param.........:[0;36m '{"version":"1.9"}'[0m
[1;37m--> Default Path..:[0;36m './dist-ubuntu/scripts/'[0m

[44m--> FINALIZADA A EXECUÇÃO DO SCRIPT! [0m
[44m--> TEMPO DE EXECUÇÃO DE..: 00:00:00 [0m
[1;34mScript [0;36m'script-golang.sh' [1;34mExecutado com sucesso![0m
[1;37mPresione [ENTER] para continuar... [0m

[44m--> INICIANDO A EXECUÇÃO DO SCRIPT! [0m
[1;37m--> Script........:[1;36m 'script-golang.sh'[0m
[1;37m--> Action........:[0;36m 'install'[0m
[1;37m--> Param.........:[0;36m '{"version":"1.9"}'[0m
[1;37m--> Default Path..:[0;36m './dist-ubuntu/scripts/'[0m

[44m--> FINALIZADA A EXECUÇÃO DO SCRIPT! [0m
[44m--> TEMPO DE EXECUÇÃO DE..: 00:00:00 [0m
[1;34mScript [0;36m'script-golang.sh' [1;34mExecutado com sucesso![0m
[1;37mPresione [ENTER] para continuar... [0m

[44m--> INICIANDO A EXECUÇÃO DO SCRIPT: 05:08:18 [0m
[1;37m--> Script........:[1;36m 'script-golang.sh'[0m
[1;37m--> Action........:[0;36m 'install'[0m
[1;37m--> Param.........:[0;36m '{"version":"1.9"}'[0m
[1;37m--> Default Path..:[0;36m './dist-ubuntu/scripts/'[0m

[44m--> FINALIZADA A EXECUÇÃO DO SCRIPT! [0m
[44m--> TEMPO DE EXECUÇÃO DE..: 00:00:00 [0m
[1;34mScript [0;36m'script-golang.sh' [1;34mExecutado com sucesso![0m
[1;37mPresione [ENTER] para continuar... [0m

[44m--> INICIANDO A EXECUÇÃO DO SCRIPT: 05:09:04 [0m
[1;37m--> Script........:[1;36m 'script-golang.sh'[0m
[1;37m--> Action........:[0;36m 'install'[0m
[1;37m--> Param.........:[0;36m '{"version":"1.9"}'[0m
[1;37m--> Default Path..:[0;36m './dist-ubuntu/scripts/'[0m

[44m--> FINALIZADA A EXECUÇÃO DO SCRIPT! [0m
[44m--> TEMPO DE EXECUÇÃO DE..: 00:00:00 [0m
[1;34mScript [0;36m'script-golang.sh' [1;34mExecutado com sucesso![0m
[1;37mPresione [ENTER] para continuar... [0m

[44m--> INICIANDO A EXECUÇÃO DO SCRIPT: 05:10:09 [0m
[1;37m--> Script........:[1;36m 'script-golang.sh'[0m
[1;37m--> Action........:[0;36m 'install'[0m
[1;37m--> Param.........:[0;36m '{"version":"1.9"}'[0m
[1;37m--> Default Path..:[0;36m './dist-ubuntu/scripts/'[0m

[44m--> FINALIZADA A EXECUÇÃO DO SCRIPT! [0m
[44m--> TEMPO DE EXECUÇÃO DE..: 00:00:01 [0m
[1;34mScript [0;36m'script-golang.sh' [1;34mExecutado com sucesso![0m
[1;37mPresione [ENTER] para continuar... [0m

[44m--> INICIANDO A EXECUÇÃO DO SCRIPT: 05:10:43 [0m
[1;37m--> Script........:[1;36m 'script-golang.sh'[0m
[1;37m--> Action........:[0;36m 'install'[0m
[1;37m--> Param.........:[0;36m '{"version":"1.9"}'[0m
[1;37m--> Default Path..:[0;36m './dist-ubuntu/scripts/'[0m

[44m--> FINALIZADA A EXECUÇÃO DO SCRIPT! [0m
[44m--> TEMPO DE EXECUÇÃO DE..: 00:00:02 [0m
[1;34mScript [0;36m'script-golang.sh' [1;34mExecutado com sucesso![0m
[1;37mPresione [ENTER] para continuar... [0m

[44m--> INICIANDO A EXECUÇÃO DO SCRIPT: 05:13:28 [0m
[1;37m--> Script........:[1;36m 'script-golang.sh'[0m
[1;37m--> Action........:[0;36m 'install'[0m
[1;37m--> Param.........:[0;36m '{"version":"1.9"}'[0m
[1;37m--> Default Path..:[0;36m './dist-ubuntu/scripts/'[0m

[44m--> FINALIZADA A EXECUÇÃO DO SCRIPT! [0m
[44m--> TEMPO DA EXECUÇÃO.....: 00:00:02 [0m
[1;34mScript [0;36m'script-golang.sh' [1;34mExecutado com sucesso![0m
[1;37mPresione [ENTER] para continuar... [0m

[44m--> INICIANDO A EXECUÇÃO DO SCRIPT --> 05:14:50 [0m
[1;37m--> Script........:[1;36m 'script-golang.sh'[0m
[1;37m--> Action........:[0;36m 'install'[0m
[1;37m--> Param.........:[0;36m '{"version":"1.9"}'[0m
[1;37m--> Default Path..:[0;36m './dist-ubuntu/scripts/'[0m

[44m--> FINALIZADA A EXECUÇÃO DO SCRIPT! [0m
[44m--> TEMPO DA EXECUÇÃO: 00:00:02 [0m
[1;34mScript [0;36m'script-golang.sh' [1;34mExecutado com sucesso![0m
[1;37mPresione [ENTER] para continuar... [0m

[44m--> INICIANDO A EXECUÇÃO DO SCRIPT --> 05:15:40 [0m
[1;37m--> Script........:[1;36m 'script-golang.sh'[0m
[1;37m--> Action........:[0;36m 'install'[0m
[1;37m--> Param.........:[0;36m '{"version":"1.9"}'[0m
[1;37m--> Default Path..:[0;36m './dist-ubuntu/scripts/'[0m

[44m--> FINALIZADA A EXECUÇÃO DO SCRIPT! [0m
[44m--> TEMPO DA EXECUÇÃO --> 00:00:02 [0m
[1;34mScript [0;36m'script-golang.sh' [1;34mExecutado com sucesso![0m
[1;37mPresione [ENTER] para continuar... [0m

[44m--> INICIANDO A EXECUÇÃO DO SCRIPT --> 05:16:15 [0m
[1;37m--> Script........:[1;36m 'script-golang.sh'[0m
[1;37m--> Action........:[0;36m 'install'[0m
[1;37m--> Param.........:[0;36m '{"version":"1.9"}'[0m
[1;37m--> Default Path..:[0;36m './dist-ubuntu/scripts/'[0m

[44m--> FINALIZADA A EXECUÇÃO DO SCRIPT! [0m
[44m--> TEMPO DA EXECUÇÃO --> 00:00:02   [0m
[1;34mScript [0;36m'script-golang.sh' [1;34mExecutado com sucesso![0m
[1;37mPresione [ENTER] para continuar... [0m