[1;34mIniciando a instalação do JDK na maquina...[0m
[1;33mAbra o arquivo '/etc/environment' utilizando o gedit editor de texto.[0m
[1;33mDigitando o comando '$ sudo gedit /etc/environment'[0m
[1;33mAo final desse arquivo, adicione a seguinte linhas:[0m
[1;33mJAVA_HOME="/usr/lib/jvm/java-9-oracle"[0m
[1;33mJRE_HOME="/usr/lib/jvm/java-9-oracle"[0m
[1;33mSalve e saia do arquivo, e recarregue-o com o comando '$ source /etc/environment'[0m
Variavel JAVA_HOME:  /usr/lib/jvm/java-9-oracle
Variavel JRE_HOME:  /usr/lib/jvm/java-9-oracle
[1;34mIniciando a instalação do JDK na maquina...[0m
[1;33mAbra o arquivo '/etc/environment' utilizando o gedit editor de texto.[0m
[1;33mDigitando o comando '$ sudo gedit /etc/environment'[0m
[1;33mAo final desse arquivo, adicione a seguinte linhas:[0m
[1;33mJAVA_HOME="/usr/lib/jvm/java-9-oracle"[0m
[1;33mJRE_HOME="/usr/lib/jvm/java-9-oracle"[0m
[1;33mSalve e saia do arquivo, e recarregue-o com o comando '$ source /etc/environment'[0m
[1;34mIniciando a instalação do JDK na maquina...[0m
[1;33mAbra o arquivo '/etc/environment' utilizando o gedit editor de texto.[0m
[1;33mDigitando o comando '$ sudo gedit /etc/environment'[0m
[1;33mAo final desse arquivo, adicione a seguinte linhas:[0m
[1;33mJAVA_HOME="/usr/lib/jvm/java-9-oracle"[0m
[1;33mJRE_HOME="/usr/lib/jvm/java-9-oracle"[0m
[1;33mSalve e saia do arquivo, e recarregue-o com o comando '$ source /etc/environment'[0m
[1;34mIniciando a instalação do JDK na maquina...[0m
[1;33mAbra o arquivo '/etc/environment' utilizando o gedit editor de texto.[0m
[1;33mDigitando o comando '$ sudo gedit /etc/environment'[0m
[1;33mAo final desse arquivo, adicione a seguinte linhas:[0m
[1;33mJAVA_HOME="/usr/lib/jvm/java-9-oracle"[0m
[1;33mJRE_HOME="/usr/lib/jvm/java-9-oracle"[0m
[1;33mSalve e saia do arquivo, e recarregue-o com o comando '$ source /etc/environment'[0m
[1;34mIniciando a instalação do JDK na maquina...[0m
[1;33mAbra o arquivo '/etc/environment' utilizando o gedit editor de texto.[0m
[1;33mDigitando o comando '$ sudo gedit /etc/environment'[0m
[1;33mAo final desse arquivo, adicione a seguinte linhas:[0m
[1;33mJAVA_HOME="/usr/lib/jvm/java-9-oracle"[0m
[1;33mJRE_HOME="/usr/lib/jvm/java-9-oracle"[0m
[1;33mSalve e saia do arquivo, e recarregue-o com o comando '$ source /etc/environment'[0m
[1;34mIniciando a instalação do JDK na maquina...[0m
[1;33mAbra o arquivo '/etc/environment' utilizando o gedit editor de texto.[0m
[1;33mDigitando o comando '$ sudo gedit /etc/environment'[0m
[1;33mAo final desse arquivo, adicione a seguinte linhas:[0m
[1;33mJAVA_HOME="/usr/lib/jvm/java-9-oracle"[0m
[1;33mJRE_HOME="/usr/lib/jvm/java-9-oracle"[0m
[1;33mSalve e saia do arquivo, e recarregue-o com o comando '$ source /etc/environment'[0m
[1;34mIniciando a instalação do JDK na maquina...[0m
[1;33mAbra o arquivo '/etc/environment' utilizando o gedit editor de texto.[0m
[1;33mDigitando o comando '$ sudo gedit /etc/environment'[0m
[1;33mAo final desse arquivo, adicione a seguinte linhas:[0m
[1;33mJAVA_HOME="/usr/lib/jvm/java-9-oracle"[0m
[1;33mJRE_HOME="/usr/lib/jvm/java-9-oracle"[0m
[1;33mSalve e saia do arquivo, e recarregue-o com o comando '$ source /etc/environment'[0m
[1;34mIniciando a instalação do JDK na maquina...[0m
[1;33mAbra o arquivo '/etc/environment' utilizando o gedit editor de texto.[0m
[1;33mDigitando o comando '$ sudo gedit /etc/environment'[0m
[1;33mAo final desse arquivo, adicione a seguinte linhas:[0m
[1;33mJAVA_HOME="/usr/lib/jvm/java-9-oracle"[0m
[1;33mJRE_HOME="/usr/lib/jvm/java-9-oracle"[0m
[1;33mSalve e saia do arquivo, e recarregue-o com o comando '$ source /etc/environment'[0m
[1;34mIniciando a instalação do JDK na maquina...[0m
[1;33mAbra o arquivo '/etc/environment' utilizando o gedit editor de texto.[0m
[1;33mDigitando o comando '$ sudo gedit /etc/environment'[0m
[1;33mAo final desse arquivo, adicione a seguinte linhas:[0m
[1;33mJAVA_HOME="/usr/lib/jvm/java-9-oracle"[0m
[1;33mJRE_HOME="/usr/lib/jvm/java-9-oracle"[0m
[1;33mSalve e saia do arquivo, e recarregue-o com o comando '$ source /etc/environment'[0m
[1;34mIniciando a instalação do JDK na maquina...[0m
[1;33mAbra o arquivo '/etc/environment' utilizando o gedit editor de texto.[0m
[1;33mDigitando o comando '$ sudo gedit /etc/environment'[0m
[1;33mAo final desse arquivo, adicione a seguinte linhas:[0m
[1;33mJAVA_HOME="/usr/lib/jvm/java-9-oracle"[0m
[1;33mJRE_HOME="/usr/lib/jvm/java-9-oracle"[0m
[1;33mSalve e saia do arquivo, e recarregue-o com o comando '$ source /etc/environment'[0m
[1;34mIniciando a instalação do JDK na maquina...[0m
[1;33mAbra o arquivo '/etc/environment' utilizando o gedit editor de texto.[0m
[1;33mDigitando o comando '$ sudo gedit /etc/environment'[0m
[1;33mAo final desse arquivo, adicione a seguinte linhas:[0m
[1;33mJAVA_HOME="/usr/lib/jvm/java-9-oracle"[0m
[1;33mJRE_HOME="/usr/lib/jvm/java-9-oracle"[0m
[1;33mSalve e saia do arquivo, e recarregue-o com o comando '$ source /etc/environment'[0m
Variavel JAVA_HOME:  /usr/lib/jvm/java-9-oracle
Variavel JRE_HOME:  /usr/lib/jvm/java-9-oracle
