[1;34m
+-----------------------------------------------+
| Iniciando a instalação do CFSSL na maquina... |
+-----------------------------------------------+

[0mCFSSL já não instalanda na maquina...
[1;34m
+-----------------------------------------------+
| Iniciando a instalação do CFSSL na maquina... |
+-----------------------------------------------+

[0mCFSSL já não instalanda na maquina...
Not found
[1;34m
+-----------------------------------------------+
| Iniciando a instalação do CFSSL na maquina... |
+-----------------------------------------------+

[0mCFSSL já não instalanda na maquina...
Not found
[1;34m
+-----------------------------------------------+
| Iniciando a instalação do CFSSL na maquina... |
+-----------------------------------------------+

[0mCFSSL já não instalanda na maquina...
Not found
[1;34m
+-----------------------------------------------+
| Iniciando a instalação do CFSSL na maquina... |
+-----------------------------------------------+

[0mCFSSL já não instalanda na maquina...
Not found
[1;34m
+-----------------------------------------------+
| Iniciando a instalação do CFSSL na maquina... |
+-----------------------------------------------+

[0mCFSSL já não instalanda na maquina...
Found
[1;34m
+-----------------------------------------------+
| Iniciando a instalação do CFSSL na maquina... |
+-----------------------------------------------+

[0mCFSSL já não instalanda na maquina...
Not found
[1;34m
+-----------------------------------------------+
| Iniciando a instalação do CFSSL na maquina... |
+-----------------------------------------------+

[0mCFSSL já não instalanda na maquina...
Not found
[1;34m
+-----------------------------------------------+
| Iniciando a instalação do CFSSL na maquina... |
+-----------------------------------------------+

[0mCFSSL já não instalanda na maquina...
Not found
[1;34m
+-----------------------------------------------+
| Iniciando a instalação do CFSSL na maquina... |
+-----------------------------------------------+

[0mCFSSL já não instalanda na maquina...
Not found
[1;34m
+-----------------------------------------------+
| Iniciando a instalação do CFSSL na maquina... |
+-----------------------------------------------+

[0mCFSSL já não instalanda na maquina...
Not found
[1;34m
+-----------------------------------------------+
| Iniciando a instalação do CFSSL na maquina... |
+-----------------------------------------------+

[0mCFSSL já não instalanda na maquina...
Not found
[1;34m
+-----------------------------------------------+
| Iniciando a instalação do CFSSL na maquina... |
+-----------------------------------------------+

[0mCFSSL já não instalanda na maquina...
Not found
[1;34m
+-----------------------------------------------+
| Iniciando a instalação do CFSSL na maquina... |
+-----------------------------------------------+

[0mCFSSL já não instalanda na maquina...
Not found
[1;34m
+-----------------------------------------------+
| Iniciando a instalação do CFSSL na maquina... |
+-----------------------------------------------+

[0mCFSSL já não instalanda na maquina...
Not found
[1;34m
+-----------------------------------------------+
| Iniciando a instalação do CFSSL na maquina... |
+-----------------------------------------------+

[0mCFSSL já não instalanda na maquina...
does not exist
[1;34m
+-----------------------------------------------+
| Iniciando a instalação do CFSSL na maquina... |
+-----------------------------------------------+

[0mCFSSL já não instalanda na maquina...
exists
[1;34m
+-----------------------------------------------+
| Iniciando a instalação do CFSSL na maquina... |
+-----------------------------------------------+

[0mCFSSL já não instalanda na maquina...
exists
[1;34m
+-----------------------------------------------+
| Iniciando a instalação do CFSSL na maquina... |
+-----------------------------------------------+

[0mCFSSL já não instalanda na maquina...
exists
[1;34m
+-----------------------------------------------+
| Iniciando a instalação do CFSSL na maquina... |
+-----------------------------------------------+

[0mCFSSL já não instalanda na maquina...
exists
[1;34m
+-----------------------------------------------+
| Iniciando a instalação do CFSSL na maquina... |
+-----------------------------------------------+

[0mCFSSL já não instalanda na maquina...
exists
[1;34m
+-----------------------------------------------+
| Iniciando a instalação do CFSSL na maquina... |
+-----------------------------------------------+

[0mCFSSL já não instalanda na maquina...
exists
[1;34m
+-----------------------------------------------+
| Iniciando a instalação do CFSSL na maquina... |
+-----------------------------------------------+

[0mCFSSL já não instalanda na maquina...

[1;34m
+-----------------------------------------------+
| Iniciando a instalação do CFSSL na maquina... |
+-----------------------------------------------+

[0mCFSSL já não instalanda na maquina...

[1;34m
+-----------------------------------------------+
| Iniciando a instalação do CFSSL na maquina... |
+-----------------------------------------------+

[0mCFSSL já não instalanda na maquina...

[1;34m
+-----------------------------------------------+
| Iniciando a instalação do CFSSL na maquina... |
+-----------------------------------------------+

[0mCFSSL já não instalanda na maquina...

[1;34m
+-----------------------------------------------+
| Iniciando a instalação do CFSSL na maquina... |
+-----------------------------------------------+

[0mCFSSL já não instalanda na maquina...


[1;34m
+-----------------------------------------------+
| Iniciando a instalação do CFSSL na maquina... |
+-----------------------------------------------+

[0mCFSSL já não instalanda na maquina...
go

[1;34m
+-----------------------------------------------+
| Iniciando a instalação do CFSSL na maquina... |
+-----------------------------------------------+

[0mCFSSL já não instalanda na maquina...
go

[1;34m
+-----------------------------------------------+
| Iniciando a instalação do CFSSL na maquina... |
+-----------------------------------------------+

[0mCFSSL já não instalanda na maquina...
go

[1;34m
+-----------------------------------------------+
| Iniciando a instalação do CFSSL na maquina... |
+-----------------------------------------------+

[0mCFSSL já não instalanda na maquina...
go

[1;34m
+-----------------------------------------------+
| Iniciando a instalação do CFSSL na maquina... |
+-----------------------------------------------+

[0mCFSSL já não instalanda na maquina...
go

[1;34m
+-----------------------------------------------+
| Iniciando a instalação do CFSSL na maquina... |
+-----------------------------------------------+

[0mCFSSL já não instalanda na maquina...
sdsdas  go

[1;34m
+-----------------------------------------------+
| Iniciando a instalação do CFSSL na maquina... |
+-----------------------------------------------+

[0mCFSSL já não instalanda na maquina...
sdsdas  go

[1;34m
+-----------------------------------------------+
| Iniciando a instalação do CFSSL na maquina... |
+-----------------------------------------------+

[0mCFSSL já não instalanda na maquina...
sdsdas command -v -- go go
command -v -- go
[1;34m
+-----------------------------------------------+
| Iniciando a instalação do CFSSL na maquina... |
+-----------------------------------------------+

[0mCFSSL já não instalanda na maquina...
sdsdas  go

[1;34m
+-----------------------------------------------+
| Iniciando a instalação do CFSSL na maquina... |
+-----------------------------------------------+

[0mCFSSL já não instalanda na maquina...
[1;34m
+-----------------------------------------------+
| Iniciando a instalação do CFSSL na maquina... |
+-----------------------------------------------+

[0mCFSSL já não instalanda na maquina...
[1;34m
+-----------------------------------------------+
| Iniciando a instalação do CFSSL na maquina... |
+-----------------------------------------------+

[0mCFSSL já não instalanda na maquina...
[1;34m
+-----------------------------------------------+
| Iniciando a instalação do CFSSL na maquina... |
+-----------------------------------------------+

[0mCFSSL já não instalanda na maquina...
[1;34m
+-----------------------------------------------+
| Iniciando a instalação do CFSSL na maquina... |
+-----------------------------------------------+

[0mCFSSL já não instalanda na maquina...
[1;34m
+-----------------------------------------------+
| Iniciando a instalação do CFSSL na maquina... |
+-----------------------------------------------+

[0mCFSSL já não instalanda na maquina...
[1;34m
+-----------------------------------------------+
| Iniciando a instalação do CFSSL na maquina... |
+-----------------------------------------------+

[0mCFSSL já não instalanda na maquina...
não instalado
[1;34m
+-----------------------------------------------+
| Iniciando a instalação do CFSSL na maquina... |
+-----------------------------------------------+

[0mCFSSL já não instalanda na maquina...
instalado
[1;34m
+-----------------------------------------------+
| Iniciando a instalação do CFSSL na maquina... |
+-----------------------------------------------+

[0mCFSSL já não instalanda na maquina...
não instalado
[1;34m
+-----------------------------------------------+
| Iniciando a instalação do CFSSL na maquina... |
+-----------------------------------------------+

[0mCFSSL já não instalanda na maquina...
não instalado
[1;34m
+-----------------------------------------------+
| Iniciando a instalação do CFSSL na maquina... |
+-----------------------------------------------+

[0mCFSSL já não instalanda na maquina...
não instalado
[1;34m
+-----------------------------------------------+
| Iniciando a instalação do CFSSL na maquina... |
+-----------------------------------------------+

[0mCFSSL já não instalanda na maquina...
instalado
[1;34m
+-----------------------------------------------+
| Iniciando a instalação do CFSSL na maquina... |
+-----------------------------------------------+

[0mCFSSL já não instalanda na maquina...
instalado
[1;34m
+-----------------------------------------------+
| Iniciando a instalação do CFSSL na maquina... |
+-----------------------------------------------+

[0mCFSSL já não instalanda na maquina...
não instalado
[1;34m
+-----------------------------------------------+
| Iniciando a instalação do CFSSL na maquina... |
+-----------------------------------------------+

[0mCFSSL já não instalanda na maquina...
não instalado

[1;34m
+-----------------------------------------------+
| Iniciando a instalação do CFSSL na maquina... |
+-----------------------------------------------+

[0mCFSSL já não instalanda na maquina...
não instalado
/usr/bin/java
[1;34m
+-----------------------------------------------+
| Iniciando a instalação do CFSSL na maquina... |
+-----------------------------------------------+

[0mCFSSL já não instalanda na maquina...
não instalado
/usr/bin/java
[1;34m
+-----------------------------------------------+
| Iniciando a instalação do CFSSL na maquina... |
+-----------------------------------------------+

[0mCFSSL já não instalanda na maquina...
não instalado

