[1;34m
+----------------------------------------------+
| Iniciando criação da chave SSH na maquina... |
+----------------------------------------------+

[0mcomment: 
passwordKey: 
pathKey: 
nameKey: 
[1;34m
+----------------------------------------------+
| Iniciando criação da chave SSH na maquina... |
+----------------------------------------------+

[0mcomment: 
passwordKey: 
pathKey: 
nameKey: 
[1;34m
+----------------------------------------------+
| Iniciando criação da chave SSH na maquina... |
+----------------------------------------------+

[0mcomment: 
passwordKey: 
pathKey: 
nameKey: 
[1;34m
+----------------------------------------------+
| Iniciando criação da chave SSH na maquina... |
+----------------------------------------------+

[0mcomment: 
passwordKey: 
pathKey: 
nameKey: 
[1;34m
+----------------------------------------------+
| Iniciando criação da chave SSH na maquina... |
+----------------------------------------------+

[0mcomment: 
passwordKey: 
pathKey: 
nameKey: 
[1;34m
+----------------------------------------------+
| Iniciando criação da chave SSH na maquina... |
+----------------------------------------------+

[0mcomment: 
passwordKey: 
pathKey: 
nameKey: 
[1;34m
+----------------------------------------------+
| Iniciando criação da chave SSH na maquina... |
+----------------------------------------------+

[0mcomment: 
passwordKey: 
pathKey: 
nameKey: 
[1;34m
+----------------------------------------------+
| Iniciando criação da chave SSH na maquina... |
+----------------------------------------------+

[0mcomment: 
passwordKey: 
pathKey: 
nameKey: 
[1;34m
+----------------------------------------------+
| Iniciando criação da chave SSH na maquina... |
+----------------------------------------------+

[0mcomment: 
passwordKey: 
pathKey: 
nameKey: 
[1;34m
+----------------------------------------------+
| Iniciando criação da chave SSH na maquina... |
+----------------------------------------------+

[0mcomment: keyYou
passwordKey: 666
pathKey: /home/??/.ssh
nameKey: id_rsa
[1;34m
+----------------------------------------------+
| Iniciando criação da chave SSH na maquina... |
+----------------------------------------------+

[0mcomment: keyYou
passwordKey: 666
pathKey: /home/??/.ssh
nameKey: id_rsa
[1;34m
+----------------------------------------------+
| Iniciando criação da chave SSH na maquina... |
+----------------------------------------------+

[0mcomment: 
passwordKey: 
pathKey: 
nameKey: 
[1;34m
+----------------------------------------------+
| Iniciando criação da chave SSH na maquina... |
+----------------------------------------------+

[0mcomment: 
passwordKey: 
pathKey: 
nameKey: 
[1;34m
+----------------------------------------------+
| Iniciando criação da chave SSH na maquina... |
+----------------------------------------------+

[0mcomment: 
passwordKey: 
pathKey: 
nameKey: 
[1;34m
+----------------------------------------------+
| Iniciando criação da chave SSH na maquina... |
+----------------------------------------------+

[0mcomment: 
passwordKey: 
pathKey: 
nameKey: 
[1;34m
+----------------------------------------------+
| Iniciando criação da chave SSH na maquina... |
+----------------------------------------------+

[0mcomment: Que reinaste o anjo caído!
passwordKey: luxferre
pathKey: /home/user/.ssh
nameKey: id_rsa
[1;34m
+----------------------------------------------+
| Iniciando criação da chave SSH na maquina... |
+----------------------------------------------+

[0mcomment: Que reinaste o anjo caído!
passwordKey: luxferre
pathKey: /home/user/.ssh
nameKey: id_rsa
[1;34m
+----------------------------------------------+
| Iniciando criação da chave SSH na maquina... |
+----------------------------------------------+

[0mcomment: Que reinaste o anjo caído!
passwordKey: luxferre
pathKey: /home/user/.ssh
nameKey: id_rsa
[1;34m
+----------------------------------------------+
| Iniciando criação da chave SSH na maquina... |
+----------------------------------------------+

[0mcomment: Que reinaste o anjo caído!
passwordKey: luxferre
pathKey: /home/user/.ssh
nameKey: id_rsa
[1;34m
+----------------------------------------------+
| Iniciando criação da chave SSH na maquina... |
+----------------------------------------------+

[0mcomment: Que reinaste o anjo caído!
passwordKey: luxferre
pathKey: /home/user/.ssh
nameKey: id_rsa
[1;34m
+----------------------------------------------+
| Iniciando criação da chave SSH na maquina... |
+----------------------------------------------+

[0mcomment: Que reinaste o anjo caído!
passwordKey: luxferre
pathKey: /home/user/.ssh
nameKey: id_rsa
[1;34m
+--------------------------------------------------+
| Iniciando a recriação da chave SSH na maquina... |
+--------------------------------------------------+

[0mcomment: Que reinaste o anjo caído!
passwordKey: luxferre
pathKey: /home/user/.ssh
nameKey: id_rsa
